   Length of URL  Number of ‘.’ In URL  Number of ‘@‘ in URL  Params in URL  Queries in URL  Fragments in URL  Entropy of Domain name  Check for Non Standard port  Domain name in Alexa Top 1 Million  Check for non-ascii characters  Check for popular domains in subdomains  ’-‘ in domain name  Digits in domain name  Length of host  Number of ‘.’ in domain name  IP based host name  Hex based host name  Check for common TLD  Length of path  Count ‘-‘ in path  Count ‘/‘ in path  Count ‘=‘ in path  Count ‘;‘ in path  Count ‘,‘ in path  Count ‘_‘ in path  Count ‘.’ in path  Count ‘?’ in path  Count ‘&’ in path  Username and Password in path
0    2222.074375              3.460162              0.010961       0.001503        0.104712          0.004141                0.201173                     0.009877                            0.173914                        0.000006                                 0.172574            0.080344               0.214805      159.884266                      1.231994                 0.0             0.000009              0.000302        7.621501           3.000094           0.018559           0.003893           0.018413           7.621501           0.528792         887.203571                0.0           0.004488                        0.00054


   Length of URL  Number of ‘.’ In URL  Number of ‘@‘ in URL  Params in URL  Queries in URL  Fragments in URL  Entropy of Domain name  Check for Non Standard port  Domain name in Alexa Top 1 Million  Check for non-ascii characters  Check for popular domains in subdomains  ’-‘ in domain name  Digits in domain name  Length of host  Number of ‘.’ in domain name  IP based host name  Hex based host name  Check for common TLD  Length of path  Count ‘-‘ in path  Count ‘/‘ in path  Count ‘=‘ in path  Count ‘;‘ in path  Count ‘,‘ in path  Count ‘_‘ in path  Count ‘.’ in path  Count ‘?’ in path  Count ‘&’ in path  Username and Password in path
0    2222.074375              3.460162              0.010961       0.001503        0.104712          0.004141                0.201173                     0.009877                            0.173914                        0.000006                                 0.172574            0.080344               0.214805      159.884266                      1.231994                 0.0             0.000009              0.000302        7.621501           3.000094           0.018559           0.003893           0.018413           7.621501           0.528792         887.203571                0.0           0.004488                        0.00054


   Length of URL  Number of ‘.’ In URL  Number of ‘@‘ in URL  Params in URL  Queries in URL  Fragments in URL  Entropy of Domain name  Check for Non Standard port  Domain name in Alexa Top 1 Million  Check for non-ascii characters  Check for popular domains in subdomains  ’-‘ in domain name  Digits in domain name  Length of host  Number of ‘.’ in domain name  IP based host name  Hex based host name  Check for common TLD  Length of path  Count ‘-‘ in path  Count ‘/‘ in path  Count ‘=‘ in path  Count ‘;‘ in path  Count ‘,‘ in path  Count ‘_‘ in path  Count ‘.’ in path  Count ‘?’ in path  Count ‘&’ in path  Username and Password in path
0    2222.074375              3.460162              0.010961       0.001503        0.104712          0.004141                0.201173                     0.009877                            0.173914                        0.000006                                 0.172574            0.080344               0.214805      159.884266                      1.231994                 0.0             0.000009              0.000302        7.621501           3.000094           0.018559           0.003893           0.018413           7.621501           0.528792         887.203571                0.0           0.004488                        0.00054


   Length of URL  Number of ‘.’ In URL  Number of ‘@‘ in URL  Params in URL  Queries in URL  Fragments in URL  Entropy of Domain name  Check for Non Standard port  Domain name in Alexa Top 1 Million  Check for non-ascii characters  Check for popular domains in subdomains  ’-‘ in domain name  Digits in domain name  Length of host  Number of ‘.’ in domain name  IP based host name  Hex based host name  Check for common TLD  Length of path  Count ‘-‘ in path  Count ‘/‘ in path  Count ‘=‘ in path  Count ‘;‘ in path  Count ‘,‘ in path  Count ‘_‘ in path  Count ‘.’ in path  Count ‘?’ in path  Count ‘&’ in path  Username and Password in path
0    2222.074375              3.460162              0.010961       0.001503        0.104712          0.004141                0.201173                     0.009877                            0.173914                        0.000006                                 0.172574            0.080344               0.214805      159.884266                      1.231994                 0.0             0.000009              0.000302        7.621501           3.000094           0.018559           0.003893           0.018413           7.621501           0.528792         887.203571                0.0           0.004488                        0.00054


   Length of URL  Number of ‘.’ In URL  Number of ‘@‘ in URL  Params in URL  Queries in URL  Fragments in URL  Entropy of Domain name  Check for Non Standard port  Domain name in Alexa Top 1 Million  Check for non-ascii characters  Check for popular domains in subdomains  ’-‘ in domain name  Digits in domain name  Length of host  Number of ‘.’ in domain name  IP based host name  Hex based host name  Check for common TLD  Length of path  Count ‘-‘ in path  Count ‘/‘ in path  Count ‘=‘ in path  Count ‘;‘ in path  Count ‘,‘ in path  Count ‘_‘ in path  Count ‘.’ in path  Count ‘?’ in path  Count ‘&’ in path  Username and Password in path
0    2222.074375              3.460162              0.010961       0.001503        0.104712          0.004141                0.201173                     0.009877                            0.173914                        0.000006                                 0.172574            0.080344               0.214805      159.884266                      1.231994                 0.0             0.000009              0.000302        7.621501           3.000094           0.018559           0.003893           0.018413           7.621501           0.528792         887.203571                0.0           0.004488                        0.00054


   Length of URL  Number of ‘.’ In URL  Number of ‘@‘ in URL  Params in URL  Queries in URL  Fragments in URL  Entropy of Domain name  Check for Non Standard port  Domain name in Alexa Top 1 Million  Check for non-ascii characters  Check for popular domains in subdomains  ’-‘ in domain name  Digits in domain name  Length of host  Number of ‘.’ in domain name  IP based host name  Hex based host name  Check for common TLD  Length of path  Count ‘-‘ in path  Count ‘/‘ in path  Count ‘=‘ in path  Count ‘;‘ in path  Count ‘,‘ in path  Count ‘_‘ in path  Count ‘.’ in path  Count ‘?’ in path  Count ‘&’ in path  Username and Password in path
0    2222.074375              3.460162              0.010961       0.001503        0.104712          0.004141                0.201173                     0.009877                            0.173914                        0.000006                                 0.172574            0.080344               0.214805      159.884266                      1.231994                 0.0             0.000009              0.000302        7.621501           3.000094           0.018559           0.003893           0.018413           7.621501           0.528792         887.203571                0.0           0.004488                        0.00054


   Length of URL  Number of ‘.’ In URL  Number of ‘@‘ in URL  Params in URL  Queries in URL  Fragments in URL  Entropy of Domain name  Check for Non Standard port  Domain name in Alexa Top 1 Million  Check for non-ascii characters  Check for popular domains in subdomains  ’-‘ in domain name  Digits in domain name  Length of host  Number of ‘.’ in domain name  IP based host name  Hex based host name  Check for common TLD  Length of path  Count ‘-‘ in path  Count ‘/‘ in path  Count ‘=‘ in path  Count ‘;‘ in path  Count ‘,‘ in path  Count ‘_‘ in path  Count ‘.’ in path  Count ‘?’ in path  Count ‘&’ in path  Username and Password in path
0    2222.074375              3.460162              0.010961       0.001503        0.104712          0.004141                0.201173                     0.009877                            0.173914                        0.000006                                 0.172574            0.080344               0.214805      159.884266                      1.231994                 0.0             0.000009              0.000302        7.621501           3.000094           0.018559           0.003893           0.018413           7.621501           0.528792         887.203571                0.0           0.004488                        0.00054


   Length of URL  Number of ‘.’ In URL  Number of ‘@‘ in URL  Params in URL  Queries in URL  Fragments in URL  Entropy of Domain name  Check for Non Standard port  Domain name in Alexa Top 1 Million  Check for non-ascii characters  Check for popular domains in subdomains  ’-‘ in domain name  Digits in domain name  Length of host  Number of ‘.’ in domain name  IP based host name  Hex based host name  Check for common TLD  Length of path  Count ‘-‘ in path  Count ‘/‘ in path  Count ‘=‘ in path  Count ‘;‘ in path  Count ‘,‘ in path  Count ‘_‘ in path  Count ‘.’ in path  Count ‘?’ in path  Count ‘&’ in path  Username and Password in path
0     2232.25788               3.45175               0.01092       0.001512        0.105234          0.004442                0.200818                     0.009842                            0.175556                        0.000006                                 0.173953            0.080321                0.21438      159.295529                      1.228104                 0.0             0.000009              0.000301        7.647031           2.996568           0.018501           0.003875           0.018387           7.647031           0.528876         886.915003                0.0            0.00447                       0.000549


2019-09-11 10:59:46.792684
[2.61967281e-01 5.30387569e-02 3.33049151e-03 1.63990595e-03
 8.65453635e-02 7.41105168e-03 1.91292360e-01 3.04809517e-03
 3.02996944e-01 3.10448403e-04 1.86812518e-02 1.09562609e-02
 4.76134116e-02 7.51082249e-02 8.32564313e-02 3.88702848e-02
 2.90362251e-04 4.06722985e-02 1.16060663e-01 7.36371210e-02
 5.67003766e-03 0.00000000e+00 6.13300497e-04 1.17928769e-01
 4.00211075e-02 2.24189730e-01 0.00000000e+00 1.67472191e-03
 0.00000000e+00]
   Length of URL  Number of ‘.’ In URL  Number of ‘@‘ in URL  Params in URL  Queries in URL  Fragments in URL  Entropy of Domain name  Check for Non Standard port  Domain name in Alexa Top 1 Million  Check for non-ascii characters  Check for popular domains in subdomains  ’-‘ in domain name  Digits in domain name  Length of host  Number of ‘.’ in domain name  IP based host name  Hex based host name  Check for common TLD  Length of path  Count ‘-‘ in path  Count ‘/‘ in path  Count ‘=‘ in path  Count ‘;‘ in path  Count ‘,‘ in path  Count ‘_‘ in path  Count ‘.’ in path  Count ‘?’ in path  Count ‘&’ in path  Username and Password in path
0     2232.25788               3.45175               0.01092       0.001512        0.105234          0.004442                0.200818                     0.009842                            0.175556                        0.000006                                 0.173953            0.080321                0.21438      159.295529                      1.228104                 0.0             0.000009              0.000301        7.647031           2.996568           0.018501           0.003875           0.018387           7.647031           0.528876         886.915003                0.0            0.00447                       0.000549




   Length of URL  Number of ‘.’ In URL  Number of ‘@‘ in URL  Params in URL  Queries in URL  Fragments in URL  Entropy of Domain name  Check for Non Standard port  Domain name in Alexa Top 1 Million  Check for non-ascii characters  Check for popular domains in subdomains  ’-‘ in domain name  Digits in domain name  Length of host  Number of ‘.’ in domain name  IP based host name  Hex based host name  Check for common TLD  Length of path  Count ‘-‘ in path  Count ‘/‘ in path  Count ‘=‘ in path  Count ‘;‘ in path  Count ‘,‘ in path  Count ‘_‘ in path  Count ‘.’ in path  Count ‘?’ in path  Count ‘&’ in path  Username and Password in path
0     2232.25788               3.45175               0.01092       0.001512        0.105234          0.004442                0.200818                     0.009842                            0.175556                        0.000006                                 0.173953            0.080321                0.21438      159.295529                      1.228104                 0.0             0.000009              0.000301        7.647031           2.996568           0.018501           0.003875           0.018387           7.647031           0.528876         886.915003                0.0            0.00447                       0.000549


   Length of URL  Number of ‘.’ In URL  Number of ‘@‘ in URL  Params in URL  Queries in URL  Fragments in URL  Entropy of Domain name  Check for Non Standard port  Domain name in Alexa Top 1 Million  Check for non-ascii characters  Check for popular domains in subdomains  ’-‘ in domain name  Digits in domain name  Length of host  Number of ‘.’ in domain name  IP based host name  Hex based host name  Check for common TLD  Length of path  Count ‘-‘ in path  Count ‘/‘ in path  Count ‘=‘ in path  Count ‘;‘ in path  Count ‘,‘ in path  Count ‘_‘ in path  Count ‘.’ in path  Count ‘?’ in path  Count ‘&’ in path  Username and Password in path
0     2232.25788               3.45175               0.01092       0.001512        0.105234          0.004442                0.200818                     0.009842                            0.175556                        0.000006                                 0.173953            0.080321                0.21438      159.295529                      1.228104                 0.0             0.000009              0.000301        7.647031           2.996568           0.018501           0.003875           0.018387           7.647031           0.528876         886.915003                0.0            0.00447                       0.000549


   Length of URL  Number of ‘.’ In URL  Number of ‘@‘ in URL  Params in URL  Queries in URL  Fragments in URL  Entropy of Domain name  Check for Non Standard port  Domain name in Alexa Top 1 Million  Check for non-ascii characters  Check for popular domains in subdomains  ’-‘ in domain name  Digits in domain name  Length of host  Number of ‘.’ in domain name  IP based host name  Hex based host name  Check for common TLD  Length of path  Count ‘-‘ in path  Count ‘/‘ in path  Count ‘=‘ in path  Count ‘;‘ in path  Count ‘,‘ in path  Count ‘_‘ in path  Count ‘.’ in path  Count ‘?’ in path  Count ‘&’ in path  Username and Password in path
0     2232.25788               3.45175               0.01092       0.001512        0.105234          0.004442                0.200818                     0.009842                            0.175556                        0.000006                                 0.173953            0.080321                0.21438      159.295529                      1.228104                 0.0             0.000009              0.000301        7.647031           2.996568           0.018501           0.003875           0.018387           7.647031           0.528876         886.915003                0.0            0.00447                       0.000549


   Length of URL  Number of ‘.’ In URL  Number of ‘@‘ in URL  Params in URL  Queries in URL  Fragments in URL  Entropy of Domain name  Check for Non Standard port  Domain name in Alexa Top 1 Million  Check for non-ascii characters  Check for popular domains in subdomains  ’-‘ in domain name  Digits in domain name  Length of host  Number of ‘.’ in domain name  IP based host name  Hex based host name  Check for common TLD  Length of path  Count ‘-‘ in path  Count ‘/‘ in path  Count ‘=‘ in path  Count ‘;‘ in path  Count ‘,‘ in path  Count ‘_‘ in path  Count ‘.’ in path  Count ‘?’ in path  Count ‘&’ in path  Username and Password in path
0     2232.25788               3.45175               0.01092       0.001512        0.105234          0.004442                0.200818                     0.009842                            0.175556                        0.000006                                 0.173953            0.080321                0.21438      159.295529                      1.228104                 0.0             0.000009              0.000301        7.647031           2.996568           0.018501           0.003875           0.018387           7.647031           0.528876         886.915003                0.0            0.00447                       0.000549


   Length of URL  Number of ‘.’ In URL  Number of ‘@‘ in URL  Params in URL  Queries in URL  Fragments in URL  Entropy of Domain name  Check for Non Standard port  Domain name in Alexa Top 1 Million  Check for non-ascii characters  Check for popular domains in subdomains  ’-‘ in domain name  Digits in domain name  Length of host  Number of ‘.’ in domain name  IP based host name  Hex based host name  Check for common TLD  Length of path  Count ‘-‘ in path  Count ‘/‘ in path  Count ‘=‘ in path  Count ‘;‘ in path  Count ‘,‘ in path  Count ‘_‘ in path  Count ‘.’ in path  Count ‘?’ in path  Count ‘&’ in path  Username and Password in path
0     2232.25788               3.45175               0.01092       0.001512        0.105234          0.004442                0.200818                     0.009842                            0.175556                        0.000006                                 0.173953            0.080321                0.21438      159.295529                      1.228104                 0.0             0.000009              0.000301        7.647031           2.996568           0.018501           0.003875           0.018387           7.647031           0.528876         886.915003                0.0            0.00447                       0.000549


   Length of URL  Number of ‘.’ In URL  Number of ‘@‘ in URL  Params in URL  Queries in URL  Fragments in URL  Entropy of Domain name  Check for Non Standard port  Domain name in Alexa Top 1 Million  Check for non-ascii characters  Check for popular domains in subdomains  ’-‘ in domain name  Digits in domain name  Length of host  Number of ‘.’ in domain name  IP based host name  Hex based host name  Check for common TLD  Length of path  Count ‘-‘ in path  Count ‘/‘ in path  Count ‘=‘ in path  Count ‘;‘ in path  Count ‘,‘ in path  Count ‘_‘ in path  Count ‘.’ in path  Count ‘?’ in path  Count ‘&’ in path  Username and Password in path
0     2232.25788               3.45175               0.01092       0.001512        0.105234          0.004442                0.200818                     0.009842                            0.175556                        0.000006                                 0.173953            0.080321                0.21438      159.295529                      1.228104                 0.0             0.000009              0.000301        7.647031           2.996568           0.018501           0.003875           0.018387           7.647031           0.528876         886.915003                0.0            0.00447                       0.000549


   Length of URL  Number of ‘.’ In URL  Number of ‘@‘ in URL  Params in URL  Queries in URL  Fragments in URL  Entropy of Domain name  Check for Non Standard port  Domain name in Alexa Top 1 Million  Check for non-ascii characters  Check for popular domains in subdomains  ’-‘ in domain name  Digits in domain name  Length of host  Number of ‘.’ in domain name  IP based host name  Hex based host name  Check for common TLD  Length of path  Count ‘-‘ in path  Count ‘/‘ in path  Count ‘=‘ in path  Count ‘;‘ in path  Count ‘,‘ in path  Count ‘_‘ in path  Count ‘.’ in path  Count ‘?’ in path  Count ‘&’ in path  Username and Password in path
0     2232.25788               3.45175               0.01092       0.001512        0.105234          0.004442                0.200818                     0.009842                            0.175556                        0.000006                                 0.173953            0.080321                0.21438      159.295529                      1.228104                 0.0             0.000009              0.000301        7.647031           2.996568           0.018501           0.003875           0.018387           7.647031           0.528876         886.915003                0.0            0.00447                       0.000549


   Length of URL  Number of ‘.’ In URL  Number of ‘@‘ in URL  Params in URL  Queries in URL  Fragments in URL  Entropy of Domain name  Check for Non Standard port  Domain name in Alexa Top 1 Million  Check for non-ascii characters  Check for popular domains in subdomains  ’-‘ in domain name  Digits in domain name  Length of host  Number of ‘.’ in domain name  IP based host name  Hex based host name  Check for common TLD  Length of path  Count ‘-‘ in path  Count ‘/‘ in path  Count ‘=‘ in path  Count ‘;‘ in path  Count ‘,‘ in path  Count ‘_‘ in path  Count ‘.’ in path  Count ‘?’ in path  Count ‘&’ in path  Username and Password in path
0     2232.25788               3.45175               0.01092       0.001512        0.105234          0.004442                0.200818                     0.009842                            0.175556                        0.000006                                 0.173953            0.080321                0.21438      159.295529                      1.228104                 0.0             0.000009              0.000301        7.647031           2.996568           0.018501           0.003875           0.018387           7.647031           0.528876         886.915003                0.0            0.00447                       0.000549


2019-09-11 13:16:52.602656
[2.63754532e-01 4.61267221e-02 2.46652408e-03 2.00874156e-03
 8.55173851e-02 7.07058066e-03 1.92395624e-01 3.12501254e-03
 3.04051153e-01 4.17367717e-04 1.83689855e-02 1.19471285e-02
 4.70848745e-02 7.36134777e-02 8.49064753e-02 3.80229284e-02
 6.62693141e-04 4.17356060e-02 1.16898686e-01 7.49119340e-02
 3.77938467e-03 1.92627884e-03 9.94424062e-04 1.16924633e-01
 4.03453983e-02 2.25070980e-01 1.65644074e-04 0.00000000e+00
 0.00000000e+00]
   Length of URL  Number of ‘.’ In URL  Number of ‘@‘ in URL  Params in URL  Queries in URL  Fragments in URL  Entropy of Domain name  Check for Non Standard port  Domain name in Alexa Top 1 Million  Check for non-ascii characters  Check for popular domains in subdomains  ’-‘ in domain name  Digits in domain name  Length of host  Number of ‘.’ in domain name  IP based host name  Hex based host name  Check for common TLD  Length of path  Count ‘-‘ in path  Count ‘/‘ in path  Count ‘=‘ in path  Count ‘;‘ in path  Count ‘,‘ in path  Count ‘_‘ in path  Count ‘.’ in path  Count ‘?’ in path  Count ‘&’ in path  Username and Password in path
0     2232.25788               3.45175               0.01092       0.001512        0.105234          0.004442                0.200818                     0.009842                            0.175556                        0.000006                                 0.173953            0.080321                0.21438      159.295529                      1.228104                 0.0             0.000009              0.000301        7.647031           2.996568           0.018501           0.003875           0.018387           7.647031           0.528876         886.915003                0.0            0.00447                       0.000549




   Length of URL  Number of ‘.’ In URL  Number of ‘@‘ in URL  Params in URL  Queries in URL  Fragments in URL  Entropy of Domain name  Check for Non Standard port  Domain name in Alexa Top 1 Million  Check for non-ascii characters  Check for popular domains in subdomains  ’-‘ in domain name  Digits in domain name  Length of host  Number of ‘.’ in domain name  IP based host name  Hex based host name  Check for common TLD  Length of path  Count ‘-‘ in path  Count ‘/‘ in path  Count ‘=‘ in path  Count ‘;‘ in path  Count ‘,‘ in path  Count ‘_‘ in path  Count ‘.’ in path  Count ‘?’ in path  Count ‘&’ in path  Username and Password in path
0     2232.25788               3.45175               0.01092       0.001512        0.105234          0.004442                0.200818                     0.009842                            0.175556                        0.000006                                 0.173953            0.080321                0.21438      159.295529                      1.228104                 0.0             0.000009              0.000301        7.647031           2.996568           0.018501           0.003875           0.018387           7.647031           0.528876         886.915003                0.0            0.00447                       0.000549


   Length of URL  Number of ‘.’ In URL  Number of ‘@‘ in URL  Params in URL  Queries in URL  Fragments in URL  Entropy of Domain name  Check for Non Standard port  Domain name in Alexa Top 1 Million  Check for non-ascii characters  Check for popular domains in subdomains  ’-‘ in domain name  Digits in domain name  Length of host  Number of ‘.’ in domain name  IP based host name  Hex based host name  Check for common TLD  Length of path  Count ‘-‘ in path  Count ‘/‘ in path  Count ‘=‘ in path  Count ‘;‘ in path  Count ‘,‘ in path  Count ‘_‘ in path  Count ‘.’ in path  Count ‘?’ in path  Count ‘&’ in path  Username and Password in path
0     2232.25788               3.45175               0.01092       0.001512        0.105234          0.004442                0.200818                     0.009842                            0.175556                        0.000006                                 0.173953            0.080321                0.21438      159.295529                      1.228104                 0.0             0.000009              0.000301        7.647031           2.996568           0.018501           0.003875           0.018387           7.647031           0.528876         886.915003                0.0            0.00447                       0.000549


   Length of URL  Number of ‘.’ In URL  Number of ‘@‘ in URL  Params in URL  Queries in URL  Fragments in URL  Entropy of Domain name  Check for Non Standard port  Domain name in Alexa Top 1 Million  Check for non-ascii characters  Check for popular domains in subdomains  ’-‘ in domain name  Digits in domain name  Length of host  Number of ‘.’ in domain name  IP based host name  Hex based host name  Check for common TLD  Length of path  Count ‘-‘ in path  Count ‘/‘ in path  Count ‘=‘ in path  Count ‘;‘ in path  Count ‘,‘ in path  Count ‘_‘ in path  Count ‘.’ in path  Count ‘?’ in path  Count ‘&’ in path  Username and Password in path
0     2232.25788               3.45175               0.01092       0.001512        0.105234          0.004442                0.200818                     0.009842                            0.175556                        0.000006                                 0.173953            0.080321                0.21438      159.295529                      1.228104                 0.0             0.000009              0.000301        7.647031           2.996568           0.018501           0.003875           0.018387           7.647031           0.528876         886.915003                0.0            0.00447                       0.000549


   Length of URL  Number of ‘.’ In URL  Number of ‘@‘ in URL  Params in URL  Queries in URL  Fragments in URL  Entropy of Domain name  Check for Non Standard port  Domain name in Alexa Top 1 Million  Check for non-ascii characters  Check for popular domains in subdomains  ’-‘ in domain name  Digits in domain name  Length of host  Number of ‘.’ in domain name  IP based host name  Hex based host name  Check for common TLD  Length of path  Count ‘-‘ in path  Count ‘/‘ in path  Count ‘=‘ in path  Count ‘;‘ in path  Count ‘,‘ in path  Count ‘_‘ in path  Count ‘.’ in path  Count ‘?’ in path  Count ‘&’ in path  Username and Password in path
0     2232.25788               3.45175               0.01092       0.001512        0.105234          0.004442                0.200818                     0.009842                            0.175556                        0.000006                                 0.173953            0.080321                0.21438      159.295529                      1.228104                 0.0             0.000009              0.000301        7.647031           2.996568           0.018501           0.003875           0.018387           7.647031           0.528876         886.915003                0.0            0.00447                       0.000549


   Length of URL  Number of ‘.’ In URL  Number of ‘@‘ in URL  Params in URL  Queries in URL  Fragments in URL  Entropy of Domain name  Check for Non Standard port  Domain name in Alexa Top 1 Million  Check for non-ascii characters  Check for popular domains in subdomains  ’-‘ in domain name  Digits in domain name  Length of host  Number of ‘.’ in domain name  IP based host name  Hex based host name  Check for common TLD  Length of path  Count ‘-‘ in path  Count ‘/‘ in path  Count ‘=‘ in path  Count ‘;‘ in path  Count ‘,‘ in path  Count ‘_‘ in path  Count ‘.’ in path  Count ‘?’ in path  Count ‘&’ in path  Username and Password in path
0     2232.25788               3.45175               0.01092       0.001512        0.105234          0.004442                0.200818                     0.009842                            0.175556                        0.000006                                 0.173953            0.080321                0.21438      159.295529                      1.228104                 0.0             0.000009              0.000301        7.647031           2.996568           0.018501           0.003875           0.018387           7.647031           0.528876         886.915003                0.0            0.00447                       0.000549


   Length of URL  Number of ‘.’ In URL  Number of ‘@‘ in URL  Params in URL  Queries in URL  Fragments in URL  Entropy of Domain name  Check for Non Standard port  Domain name in Alexa Top 1 Million  Check for non-ascii characters  Check for popular domains in subdomains  ’-‘ in domain name  Digits in domain name  Length of host  Number of ‘.’ in domain name  IP based host name  Hex based host name  Check for common TLD  Length of path  Count ‘-‘ in path  Count ‘/‘ in path  Count ‘=‘ in path  Count ‘;‘ in path  Count ‘,‘ in path  Count ‘_‘ in path  Count ‘.’ in path  Count ‘?’ in path  Count ‘&’ in path  Username and Password in path
0     2232.25788               3.45175               0.01092       0.001512        0.105234          0.004442                0.200818                     0.009842                            0.175556                        0.000006                                 0.173953            0.080321                0.21438      159.295529                      1.228104                 0.0             0.000009              0.000301        7.647031           2.996568           0.018501           0.003875           0.018387           7.647031           0.528876         886.915003                0.0            0.00447                       0.000549


2019-09-11 14:16:01.282093
<module 'matplotlib.pyplot' from '/Users/alextavares/.pyenv/versions/3.7.4/lib/python3.7/site-packages/matplotlib/pyplot.py'>


2019-09-11 14:33:05.945129
None


2019-09-11 16:16:34.364738
None


2019-09-11 16:33:22.613950
None


2019-09-11 19:45:47.170964
[2.96013119e+06 8.99804553e+02 2.40264428e+03 1.54090874e+03
 5.20188296e+04 4.62875587e+03 7.69688148e+02 1.33348426e+03
 1.64960241e+05 3.79753253e+01 8.74982671e+03 7.55054013e+03
 1.66611070e+04 8.15749324e+04 9.42172180e+03 0.00000000e+00
 1.72528886e+01 1.28019077e-01 4.03936310e+05 2.01510278e+04
 5.88640918e+03 6.21180197e+02 1.78587321e+03 4.03936310e+05
 3.81256875e+03 1.82234909e+06            nan 8.20863053e+02
 3.06123180e+02]


[0.00000000e+000 1.83656522e-193 0.00000000e+000 0.00000000e+000
 0.00000000e+000 0.00000000e+000 2.82328157e-165 1.82886227e-287
 0.00000000e+000 1.13376983e-007 0.00000000e+000 0.00000000e+000
 0.00000000e+000 0.00000000e+000 0.00000000e+000 1.00000000e+000
 1.72603161e-003 9.98036747e-001 0.00000000e+000 0.00000000e+000
 0.00000000e+000 4.03661970e-133 0.00000000e+000 0.00000000e+000
 0.00000000e+000 0.00000000e+000             nan 2.32354131e-176
 5.17476208e-065]


SelectKBest(k='all', score_func=<function chi2 at 0x13942f950>)




2019-09-11 19:53:57.892780
[2.96013119e+06 8.99804553e+02 2.40264428e+03 1.54090874e+03
 5.20188296e+04 4.62875587e+03 7.69688148e+02 1.33348426e+03
 1.64960241e+05 3.79753253e+01 8.74982671e+03 7.55054013e+03
 1.66611070e+04 8.15749324e+04 9.42172180e+03 0.00000000e+00
 1.72528886e+01 1.28019077e-01 4.03936310e+05 2.01510278e+04
 5.88640918e+03 6.21180197e+02 1.78587321e+03 4.03936310e+05
 3.81256875e+03 1.82234909e+06            nan 8.20863053e+02
 3.06123180e+02]


[0.00000000e+000 1.83656522e-193 0.00000000e+000 0.00000000e+000
 0.00000000e+000 0.00000000e+000 2.82328157e-165 1.82886227e-287
 0.00000000e+000 1.13376983e-007 0.00000000e+000 0.00000000e+000
 0.00000000e+000 0.00000000e+000 0.00000000e+000 1.00000000e+000
 1.72603161e-003 9.98036747e-001 0.00000000e+000 0.00000000e+000
 0.00000000e+000 4.03661970e-133 0.00000000e+000 0.00000000e+000
 0.00000000e+000 0.00000000e+000             nan 2.32354131e-176
 5.17476208e-065]


[2.96013119e+06 8.99804553e+02 2.40264428e+03 1.54090874e+03
 5.20188296e+04 4.62875587e+03 7.69688148e+02 1.33348426e+03
 1.64960241e+05 3.79753253e+01 8.74982671e+03 7.55054013e+03
 1.66611070e+04 8.15749324e+04 9.42172180e+03 0.00000000e+00
 1.72528886e+01 1.28019077e-01 4.03936310e+05 2.01510278e+04
 5.88640918e+03 6.21180197e+02 1.78587321e+03 4.03936310e+05
 3.81256875e+03 1.82234909e+06            nan 8.20863053e+02
 3.06123180e+02]


[0.00000000e+000 1.83656522e-193 0.00000000e+000 0.00000000e+000
 0.00000000e+000 0.00000000e+000 2.82328157e-165 1.82886227e-287
 0.00000000e+000 1.13376983e-007 0.00000000e+000 0.00000000e+000
 0.00000000e+000 0.00000000e+000 0.00000000e+000 1.00000000e+000
 1.72603161e-003 9.98036747e-001 0.00000000e+000 0.00000000e+000
 0.00000000e+000 4.03661970e-133 0.00000000e+000 0.00000000e+000
 0.00000000e+000 0.00000000e+000             nan 2.32354131e-176
 5.17476208e-065]




