[[12931   188    61     0    11]
 [  176 43068   437     0    32]
 [  110  1412  2781     0    24]
 [    0     1     0   390     8]
 [   22   232    35    16  2896]]
              precision    recall  f1-score   support

   BotnetC&C       0.97      0.90      0.94      3201
      Normal       0.98      0.98      0.98     13191
     malware       0.96      0.99      0.97     43713
       phish       0.84      0.64      0.73      4327
  ransomware       0.96      0.98      0.97       399

    accuracy                           0.96     64831
   macro avg       0.94      0.90      0.92     64831
weighted avg       0.96      0.96      0.96     64831

0.9573506501519334


                 pred:Normal  pred:malware  ...  pred:ransomware  pred:BotnetC&C
true:Normal            12931           188  ...                0              11
true:malware             176         43068  ...                0              32
true:phish               110          1412  ...                0              24
true:ransomware            0             1  ...              390               8
true:BotnetC&C            22           232  ...               16            2896

[5 rows x 5 columns]
              precision    recall  f1-score   support

   BotnetC&C       0.97      0.90      0.94      3201
      Normal       0.98      0.98      0.98     13191
     malware       0.96      0.99      0.97     43713
       phish       0.84      0.64      0.73      4327
  ransomware       0.96      0.98      0.97       399

    accuracy                           0.96     64831
   macro avg       0.94      0.90      0.92     64831
weighted avg       0.96      0.96      0.96     64831

0.9573506501519334


                 pred:Normal  pred:malware  pred:phish  pred:ransomware  pred:BotnetC&C
true:Normal            12931           188          61                0              11
true:malware             176         43068         437                0              32
true:phish               110          1412        2781                0              24
true:ransomware            0             1           0              390               8
true:BotnetC&C            22           232          35               16            2896
              precision    recall  f1-score   support

   BotnetC&C       0.97      0.90      0.94      3201
      Normal       0.98      0.98      0.98     13191
     malware       0.96      0.99      0.97     43713
       phish       0.84      0.64      0.73      4327
  ransomware       0.96      0.98      0.97       399

    accuracy                           0.96     64831
   macro avg       0.94      0.90      0.92     64831
weighted avg       0.96      0.96      0.96     64831

0.9573506501519334


